-- Install configuration: ""
-- Up-to-date: /home/ahmed/E_Disk/arabian_ros/ws/intern_ws/install/arabian_robot/share/arabian_robot/launch
-- Up-to-date: /home/ahmed/E_Disk/arabian_ros/ws/intern_ws/install/arabian_robot/share/arabian_robot/launch/rviz.launch.py
-- Up-to-date: /home/ahmed/E_Disk/arabian_ros/ws/intern_ws/install/arabian_robot/share/arabian_robot/urdf
-- Up-to-date: /home/ahmed/E_Disk/arabian_ros/ws/intern_ws/install/arabian_robot/share/arabian_robot/urdf/my_arabian_robot.urdf
-- Up-to-date: /home/ahmed/E_Disk/arabian_ros/ws/intern_ws/install/arabian_robot/share/arabian_robot/meshes
-- Installing: /home/ahmed/E_Disk/arabian_ros/ws/intern_ws/install/arabian_robot/share/arabian_robot/meshes/plug_collision.stl
-- Installing: /home/ahmed/E_Disk/arabian_ros/ws/intern_ws/install/arabian_robot/share/arabian_robot/meshes/base_link.STL
-- Installing: /home/ahmed/E_Disk/arabian_ros/ws/intern_ws/install/arabian_robot/share/arabian_robot/meshes/rear_left_wheel.STL
-- Installing: /home/ahmed/E_Disk/arabian_ros/ws/intern_ws/install/arabian_robot/share/arabian_robot/meshes/upper_Link.STL
-- Installing: /home/ahmed/E_Disk/arabian_ros/ws/intern_ws/install/arabian_robot/share/arabian_robot/meshes/arabian_link.STL
-- Installing: /home/ahmed/E_Disk/arabian_ros/ws/intern_ws/install/arabian_robot/share/arabian_robot/meshes/plug.stl
-- Installing: /home/ahmed/E_Disk/arabian_ros/ws/intern_ws/install/arabian_robot/share/arabian_robot/meshes/rear_ultrasonic_link.STL
-- Installing: /home/ahmed/E_Disk/arabian_ros/ws/intern_ws/install/arabian_robot/share/arabian_robot/meshes/gps_Link.STL
-- Installing: /home/ahmed/E_Disk/arabian_ros/ws/intern_ws/install/arabian_robot/share/arabian_robot/meshes/camera_link.STL
-- Installing: /home/ahmed/E_Disk/arabian_ros/ws/intern_ws/install/arabian_robot/share/arabian_robot/meshes/2d_lidar.STL
-- Installing: /home/ahmed/E_Disk/arabian_ros/ws/intern_ws/install/arabian_robot/share/arabian_robot/meshes/rear_ultrasonic.STL
-- Installing: /home/ahmed/E_Disk/arabian_ros/ws/intern_ws/install/arabian_robot/share/arabian_robot/meshes/lidar_link.STL
-- Installing: /home/ahmed/E_Disk/arabian_ros/ws/intern_ws/install/arabian_robot/share/arabian_robot/meshes/front_left_wheel.STL
-- Installing: /home/ahmed/E_Disk/arabian_ros/ws/intern_ws/install/arabian_robot/share/arabian_robot/meshes/rear_right_wheel.STL
-- Installing: /home/ahmed/E_Disk/arabian_ros/ws/intern_ws/install/arabian_robot/share/arabian_robot/meshes/realsenseD435.dae
-- Installing: /home/ahmed/E_Disk/arabian_ros/ws/intern_ws/install/arabian_robot/share/arabian_robot/meshes/ultrasonic_link.STL
-- Installing: /home/ahmed/E_Disk/arabian_ros/ws/intern_ws/install/arabian_robot/share/arabian_robot/meshes/front_right_wheel.STL
-- Installing: /home/ahmed/E_Disk/arabian_ros/ws/intern_ws/install/arabian_robot/share/arabian_robot/meshes/imu_Link.STL
-- Up-to-date: /home/ahmed/E_Disk/arabian_ros/ws/intern_ws/install/arabian_robot/share/arabian_robot/config
-- Up-to-date: /home/ahmed/E_Disk/arabian_ros/ws/intern_ws/install/arabian_robot/share/arabian_robot/worlds
-- Up-to-date: /home/ahmed/E_Disk/arabian_ros/ws/intern_ws/install/arabian_robot/share/ament_index/resource_index/package_run_dependencies/arabian_robot
-- Up-to-date: /home/ahmed/E_Disk/arabian_ros/ws/intern_ws/install/arabian_robot/share/ament_index/resource_index/parent_prefix_path/arabian_robot
-- Up-to-date: /home/ahmed/E_Disk/arabian_ros/ws/intern_ws/install/arabian_robot/share/arabian_robot/environment/ament_prefix_path.sh
-- Up-to-date: /home/ahmed/E_Disk/arabian_ros/ws/intern_ws/install/arabian_robot/share/arabian_robot/environment/ament_prefix_path.dsv
-- Up-to-date: /home/ahmed/E_Disk/arabian_ros/ws/intern_ws/install/arabian_robot/share/arabian_robot/environment/path.sh
-- Up-to-date: /home/ahmed/E_Disk/arabian_ros/ws/intern_ws/install/arabian_robot/share/arabian_robot/environment/path.dsv
-- Up-to-date: /home/ahmed/E_Disk/arabian_ros/ws/intern_ws/install/arabian_robot/share/arabian_robot/local_setup.bash
-- Up-to-date: /home/ahmed/E_Disk/arabian_ros/ws/intern_ws/install/arabian_robot/share/arabian_robot/local_setup.sh
-- Up-to-date: /home/ahmed/E_Disk/arabian_ros/ws/intern_ws/install/arabian_robot/share/arabian_robot/local_setup.zsh
-- Up-to-date: /home/ahmed/E_Disk/arabian_ros/ws/intern_ws/install/arabian_robot/share/arabian_robot/local_setup.dsv
-- Installing: /home/ahmed/E_Disk/arabian_ros/ws/intern_ws/install/arabian_robot/share/arabian_robot/package.dsv
-- Up-to-date: /home/ahmed/E_Disk/arabian_ros/ws/intern_ws/install/arabian_robot/share/ament_index/resource_index/packages/arabian_robot
-- Up-to-date: /home/ahmed/E_Disk/arabian_ros/ws/intern_ws/install/arabian_robot/share/arabian_robot/cmake/arabian_robotConfig.cmake
-- Up-to-date: /home/ahmed/E_Disk/arabian_ros/ws/intern_ws/install/arabian_robot/share/arabian_robot/cmake/arabian_robotConfig-version.cmake
-- Up-to-date: /home/ahmed/E_Disk/arabian_ros/ws/intern_ws/install/arabian_robot/share/arabian_robot/package.xml
