[0.010s] Invoking command in '/home/ahmed/E_Disk/arabian_ros/ws/intern_ws/build/arabian_robot': CMAKE_PREFIX_PATH=${CMAKE_PREFIX_PATH}:/home/ahmed/E_Disk/Minesweeper/localization_ws/install/localization_pkg:/home/ahmed/E_Disk/microros_ws/install/sensor_msgs_py:/opt/ros/jazzy DEBUGINFOD_URLS=https://debuginfod.ubuntu.com /usr/bin/cmake /home/ahmed/E_Disk/arabian_ros/ws/intern_ws/src/arabian_robot -DCMAKE_INSTALL_PREFIX=/home/ahmed/E_Disk/arabian_ros/ws/intern_ws/install/arabian_robot
[0.097s] -- The C compiler identification is GNU 13.3.0
[0.151s] -- The CXX compiler identification is GNU 13.3.0
[0.163s] -- Detecting C compiler ABI info
[0.233s] -- Detecting C compiler ABI info - done
[0.239s] -- Check for working C compiler: /usr/bin/cc - skipped
[0.240s] -- Detecting C compile features
[0.240s] -- Detecting C compile features - done
[0.247s] -- Detecting CXX compiler ABI info
[0.319s] -- Detecting CXX compiler ABI info - done
[0.325s] -- Check for working CXX compiler: /usr/bin/c++ - skipped
[0.325s] -- Detecting CXX compile features
[0.325s] -- Detecting CXX compile features - done
[0.333s] -- Found ament_cmake: 2.5.4 (/opt/ros/jazzy/share/ament_cmake/cmake)
[0.479s] -- Found Python3: /usr/bin/python3 (found version "3.12.3") found components: Interpreter 
[0.609s] -- Found rclcpp: 28.1.11 (/opt/ros/jazzy/share/rclcpp/cmake)
[0.666s] -- Found rosidl_generator_c: 4.6.6 (/opt/ros/jazzy/share/rosidl_generator_c/cmake)
[0.685s] -- Found rosidl_generator_cpp: 4.6.6 (/opt/ros/jazzy/share/rosidl_generator_cpp/cmake)
[0.708s] -- Using all available rosidl_typesupport_c: rosidl_typesupport_microxrcedds_c;rosidl_typesupport_fastrtps_c;rosidl_typesupport_introspection_c
[0.720s] -- Found rosidl_adapter: 4.6.6 (/opt/ros/jazzy/share/rosidl_adapter/cmake)
[0.749s] -- Using all available rosidl_typesupport_cpp: rosidl_typesupport_microxrcedds_cpp;rosidl_typesupport_fastrtps_cpp;rosidl_typesupport_introspection_cpp
[0.840s] -- Found rmw_implementation_cmake: 7.3.2 (/opt/ros/jazzy/share/rmw_implementation_cmake/cmake)
[0.846s] -- Found rmw_fastrtps_cpp: 8.4.3 (/opt/ros/jazzy/share/rmw_fastrtps_cpp/cmake)
[0.932s] -- Found OpenSSL: /usr/lib/x86_64-linux-gnu/libcrypto.so (found version "3.0.13")  
[0.948s] -- Found FastRTPS: /opt/ros/jazzy/include (Required is at least version "2.13") 
[0.965s] -- Using RMW implementation 'rmw_fastrtps_cpp' as default
[1.034s] -- Found std_msgs: 5.3.6 (/home/ahmed/E_Disk/microros_ws/install/std_msgs/share/std_msgs/cmake)
[1.055s] [31mCMake Error at CMakeLists.txt:12 (find_package):
[1.055s]   By not providing "Findgazebo_ros.cmake" in CMAKE_MODULE_PATH this project
[1.055s]   has asked CMake to find a package configuration file provided by
[1.055s]   "gazebo_ros", but CMake did not find one.
[1.055s] 
[1.055s]   Could not find a package configuration file provided by "gazebo_ros" with
[1.055s]   any of the following names:
[1.055s] 
[1.055s]     gazebo_rosConfig.cmake
[1.055s]     gazebo_ros-config.cmake
[1.055s] 
[1.055s]   Add the installation prefix of "gazebo_ros" to CMAKE_PREFIX_PATH or set
[1.055s]   "gazebo_ros_DIR" to a directory containing one of the above files.  If
[1.055s]   "gazebo_ros" provides a separate development package or SDK, be sure it has
[1.055s]   been installed.
[1.055s] 
[1.055s] [0m
[1.055s] -- Configuring incomplete, errors occurred!
[1.061s] Invoked command in '/home/ahmed/E_Disk/arabian_ros/ws/intern_ws/build/arabian_robot' returned '1': CMAKE_PREFIX_PATH=${CMAKE_PREFIX_PATH}:/home/ahmed/E_Disk/Minesweeper/localization_ws/install/localization_pkg:/home/ahmed/E_Disk/microros_ws/install/sensor_msgs_py:/opt/ros/jazzy DEBUGINFOD_URLS=https://debuginfod.ubuntu.com /usr/bin/cmake /home/ahmed/E_Disk/arabian_ros/ws/intern_ws/src/arabian_robot -DCMAKE_INSTALL_PREFIX=/home/ahmed/E_Disk/arabian_ros/ws/intern_ws/install/arabian_robot
