[0.011s] Invoking command in '/home/ahmed/E_Disk/arabian_ros/ws/intern_ws/build/arabian_robot': CMAKE_PREFIX_PATH=${CMAKE_PREFIX_PATH}:/home/ahmed/E_Disk/Minesweeper/localization_ws/install/localization_pkg:/home/ahmed/E_Disk/microros_ws/install/sensor_msgs_py:/opt/ros/jazzy DEBUGINFOD_URLS=https://debuginfod.ubuntu.com /usr/bin/cmake --build /home/ahmed/E_Disk/arabian_ros/ws/intern_ws/build/arabian_robot -- -j16 -l16
[0.033s] -- Found ament_cmake: 2.5.4 (/opt/ros/jazzy/share/ament_cmake/cmake)
[0.199s] -- Found rclcpp: 28.1.11 (/opt/ros/jazzy/share/rclcpp/cmake)
[0.219s] -- Found rosidl_generator_c: 4.6.6 (/opt/ros/jazzy/share/rosidl_generator_c/cmake)
[0.225s] -- Found rosidl_generator_cpp: 4.6.6 (/opt/ros/jazzy/share/rosidl_generator_cpp/cmake)
[0.234s] -- Using all available rosidl_typesupport_c: rosidl_typesupport_microxrcedds_c;rosidl_typesupport_fastrtps_c;rosidl_typesupport_introspection_c
[0.236s] -- Found rosidl_adapter: 4.6.6 (/opt/ros/jazzy/share/rosidl_adapter/cmake)
[0.248s] -- Using all available rosidl_typesupport_cpp: rosidl_typesupport_microxrcedds_cpp;rosidl_typesupport_fastrtps_cpp;rosidl_typesupport_introspection_cpp
[0.296s] -- Found rmw_implementation_cmake: 7.3.2 (/opt/ros/jazzy/share/rmw_implementation_cmake/cmake)
[0.298s] -- Found rmw_fastrtps_cpp: 8.4.3 (/opt/ros/jazzy/share/rmw_fastrtps_cpp/cmake)
[0.345s] -- Using RMW implementation 'rmw_fastrtps_cpp' as default
[0.391s] -- Found std_msgs: 5.3.6 (/home/ahmed/E_Disk/microros_ws/install/std_msgs/share/std_msgs/cmake)
[0.401s] -- Found ament_lint_auto: 0.17.3 (/opt/ros/jazzy/share/ament_lint_auto/cmake)
[0.477s] -- Configuring done (0.4s)
[0.480s] -- Generating done (0.0s)
[0.481s] -- Build files have been written to: /home/ahmed/E_Disk/arabian_ros/ws/intern_ws/build/arabian_robot
[0.505s] Invoked command in '/home/ahmed/E_Disk/arabian_ros/ws/intern_ws/build/arabian_robot' returned '0': CMAKE_PREFIX_PATH=${CMAKE_PREFIX_PATH}:/home/ahmed/E_Disk/Minesweeper/localization_ws/install/localization_pkg:/home/ahmed/E_Disk/microros_ws/install/sensor_msgs_py:/opt/ros/jazzy DEBUGINFOD_URLS=https://debuginfod.ubuntu.com /usr/bin/cmake --build /home/ahmed/E_Disk/arabian_ros/ws/intern_ws/build/arabian_robot -- -j16 -l16
[0.515s] Invoking command in '/home/ahmed/E_Disk/arabian_ros/ws/intern_ws/build/arabian_robot': CMAKE_PREFIX_PATH=${CMAKE_PREFIX_PATH}:/home/ahmed/E_Disk/Minesweeper/localization_ws/install/localization_pkg:/home/ahmed/E_Disk/microros_ws/install/sensor_msgs_py:/opt/ros/jazzy DEBUGINFOD_URLS=https://debuginfod.ubuntu.com /usr/bin/cmake --install /home/ahmed/E_Disk/arabian_ros/ws/intern_ws/build/arabian_robot
[0.522s] -- Install configuration: ""
[0.522s] -- Installing: /home/ahmed/E_Disk/arabian_ros/ws/intern_ws/install/arabian_robot/share/arabian_robot/launch
[0.522s] -- Installing: /home/ahmed/E_Disk/arabian_ros/ws/intern_ws/install/arabian_robot/share/arabian_robot/urdf
[0.522s] -- Installing: /home/ahmed/E_Disk/arabian_ros/ws/intern_ws/install/arabian_robot/share/arabian_robot/meshes
[0.523s] -- Installing: /home/ahmed/E_Disk/arabian_ros/ws/intern_ws/install/arabian_robot/share/arabian_robot/config
[0.523s] -- Installing: /home/ahmed/E_Disk/arabian_ros/ws/intern_ws/install/arabian_robot/share/arabian_robot/worlds
[0.523s] -- Up-to-date: /home/ahmed/E_Disk/arabian_ros/ws/intern_ws/install/arabian_robot/share/ament_index/resource_index/package_run_dependencies/arabian_robot
[0.523s] -- Installing: /home/ahmed/E_Disk/arabian_ros/ws/intern_ws/install/arabian_robot/share/ament_index/resource_index/parent_prefix_path/arabian_robot
[0.523s] -- Up-to-date: /home/ahmed/E_Disk/arabian_ros/ws/intern_ws/install/arabian_robot/share/arabian_robot/environment/ament_prefix_path.sh
[0.523s] -- Up-to-date: /home/ahmed/E_Disk/arabian_ros/ws/intern_ws/install/arabian_robot/share/arabian_robot/environment/ament_prefix_path.dsv
[0.523s] -- Up-to-date: /home/ahmed/E_Disk/arabian_ros/ws/intern_ws/install/arabian_robot/share/arabian_robot/environment/path.sh
[0.523s] -- Up-to-date: /home/ahmed/E_Disk/arabian_ros/ws/intern_ws/install/arabian_robot/share/arabian_robot/environment/path.dsv
[0.523s] -- Up-to-date: /home/ahmed/E_Disk/arabian_ros/ws/intern_ws/install/arabian_robot/share/arabian_robot/local_setup.bash
[0.523s] -- Up-to-date: /home/ahmed/E_Disk/arabian_ros/ws/intern_ws/install/arabian_robot/share/arabian_robot/local_setup.sh
[0.523s] -- Up-to-date: /home/ahmed/E_Disk/arabian_ros/ws/intern_ws/install/arabian_robot/share/arabian_robot/local_setup.zsh
[0.523s] -- Up-to-date: /home/ahmed/E_Disk/arabian_ros/ws/intern_ws/install/arabian_robot/share/arabian_robot/local_setup.dsv
[0.523s] -- Up-to-date: /home/ahmed/E_Disk/arabian_ros/ws/intern_ws/install/arabian_robot/share/arabian_robot/package.dsv
[0.523s] -- Up-to-date: /home/ahmed/E_Disk/arabian_ros/ws/intern_ws/install/arabian_robot/share/ament_index/resource_index/packages/arabian_robot
[0.523s] -- Up-to-date: /home/ahmed/E_Disk/arabian_ros/ws/intern_ws/install/arabian_robot/share/arabian_robot/cmake/arabian_robotConfig.cmake
[0.523s] -- Up-to-date: /home/ahmed/E_Disk/arabian_ros/ws/intern_ws/install/arabian_robot/share/arabian_robot/cmake/arabian_robotConfig-version.cmake
[0.523s] -- Up-to-date: /home/ahmed/E_Disk/arabian_ros/ws/intern_ws/install/arabian_robot/share/arabian_robot/package.xml
[0.524s] Invoked command in '/home/ahmed/E_Disk/arabian_ros/ws/intern_ws/build/arabian_robot' returned '0': CMAKE_PREFIX_PATH=${CMAKE_PREFIX_PATH}:/home/ahmed/E_Disk/Minesweeper/localization_ws/install/localization_pkg:/home/ahmed/E_Disk/microros_ws/install/sensor_msgs_py:/opt/ros/jazzy DEBUGINFOD_URLS=https://debuginfod.ubuntu.com /usr/bin/cmake --install /home/ahmed/E_Disk/arabian_ros/ws/intern_ws/build/arabian_robot
