[0.011s] Invoking command in '/home/ahmed/E_Disk/arabian_ros/ws/intern_ws/build/arabian_robot': CMAKE_PREFIX_PATH=${CMAKE_PREFIX_PATH}:/home/ahmed/E_Disk/Minesweeper/localization_ws/install/localization_pkg:/home/ahmed/E_Disk/microros_ws/install/sensor_msgs_py:/opt/ros/jazzy DEBUGINFOD_URLS=https://debuginfod.ubuntu.com /usr/bin/cmake /home/ahmed/E_Disk/arabian_ros/ws/intern_ws/src/arabian_robot -DCMAKE_INSTALL_PREFIX=/home/ahmed/E_Disk/arabian_ros/ws/intern_ws/install/arabian_robot
[0.021s] -- Found ament_cmake: 2.5.4 (/opt/ros/jazzy/share/ament_cmake/cmake)
[0.184s] -- Found rclcpp: 28.1.11 (/opt/ros/jazzy/share/rclcpp/cmake)
[0.204s] -- Found rosidl_generator_c: 4.6.6 (/opt/ros/jazzy/share/rosidl_generator_c/cmake)
[0.210s] -- Found rosidl_generator_cpp: 4.6.6 (/opt/ros/jazzy/share/rosidl_generator_cpp/cmake)
[0.218s] -- Using all available rosidl_typesupport_c: rosidl_typesupport_microxrcedds_c;rosidl_typesupport_fastrtps_c;rosidl_typesupport_introspection_c
[0.221s] -- Found rosidl_adapter: 4.6.6 (/opt/ros/jazzy/share/rosidl_adapter/cmake)
[0.233s] -- Using all available rosidl_typesupport_cpp: rosidl_typesupport_microxrcedds_cpp;rosidl_typesupport_fastrtps_cpp;rosidl_typesupport_introspection_cpp
[0.280s] -- Found rmw_implementation_cmake: 7.3.2 (/opt/ros/jazzy/share/rmw_implementation_cmake/cmake)
[0.282s] -- Found rmw_fastrtps_cpp: 8.4.3 (/opt/ros/jazzy/share/rmw_fastrtps_cpp/cmake)
[0.327s] -- Using RMW implementation 'rmw_fastrtps_cpp' as default
[0.373s] -- Found std_msgs: 5.3.6 (/home/ahmed/E_Disk/microros_ws/install/std_msgs/share/std_msgs/cmake)
[0.392s] [31mCMake Error at CMakeLists.txt:12 (find_package):
[0.392s]   By not providing "Findgazebo_ros.cmake" in CMAKE_MODULE_PATH this project
[0.392s]   has asked CMake to find a package configuration file provided by
[0.392s]   "gazebo_ros", but CMake did not find one.
[0.392s] 
[0.392s]   Could not find a package configuration file provided by "gazebo_ros" with
[0.392s]   any of the following names:
[0.392s] 
[0.392s]     gazebo_rosConfig.cmake
[0.392s]     gazebo_ros-config.cmake
[0.392s] 
[0.392s]   Add the installation prefix of "gazebo_ros" to CMAKE_PREFIX_PATH or set
[0.392s]   "gazebo_ros_DIR" to a directory containing one of the above files.  If
[0.392s]   "gazebo_ros" provides a separate development package or SDK, be sure it has
[0.392s]   been installed.
[0.392s] 
[0.392s] [0m
[0.392s] -- Configuring incomplete, errors occurred!
[0.397s] Invoked command in '/home/ahmed/E_Disk/arabian_ros/ws/intern_ws/build/arabian_robot' returned '1': CMAKE_PREFIX_PATH=${CMAKE_PREFIX_PATH}:/home/ahmed/E_Disk/Minesweeper/localization_ws/install/localization_pkg:/home/ahmed/E_Disk/microros_ws/install/sensor_msgs_py:/opt/ros/jazzy DEBUGINFOD_URLS=https://debuginfod.ubuntu.com /usr/bin/cmake /home/ahmed/E_Disk/arabian_ros/ws/intern_ws/src/arabian_robot -DCMAKE_INSTALL_PREFIX=/home/ahmed/E_Disk/arabian_ros/ws/intern_ws/install/arabian_robot
