[0.011s] Invoking command in '/home/ahmed/E_Disk/arabian_ros/ws/intern_ws/build/arabian_robot': CMAKE_PREFIX_PATH=${CMAKE_PREFIX_PATH}:/home/ahmed/E_Disk/Minesweeper/localization_ws/install/localization_pkg:/home/ahmed/E_Disk/microros_ws/install/sensor_msgs_py:/opt/ros/jazzy DEBUGINFOD_URLS=https://debuginfod.ubuntu.com /usr/bin/cmake --build /home/ahmed/E_Disk/arabian_ros/ws/intern_ws/build/arabian_robot -- -j16 -l16
[0.045s] Invoked command in '/home/ahmed/E_Disk/arabian_ros/ws/intern_ws/build/arabian_robot' returned '0': CMAKE_PREFIX_PATH=${CMAKE_PREFIX_PATH}:/home/ahmed/E_Disk/Minesweeper/localization_ws/install/localization_pkg:/home/ahmed/E_Disk/microros_ws/install/sensor_msgs_py:/opt/ros/jazzy DEBUGINFOD_URLS=https://debuginfod.ubuntu.com /usr/bin/cmake --build /home/ahmed/E_Disk/arabian_ros/ws/intern_ws/build/arabian_robot -- -j16 -l16
[0.060s] Invoking command in '/home/ahmed/E_Disk/arabian_ros/ws/intern_ws/build/arabian_robot': CMAKE_PREFIX_PATH=${CMAKE_PREFIX_PATH}:/home/ahmed/E_Disk/Minesweeper/localization_ws/install/localization_pkg:/home/ahmed/E_Disk/microros_ws/install/sensor_msgs_py:/opt/ros/jazzy DEBUGINFOD_URLS=https://debuginfod.ubuntu.com /usr/bin/cmake --install /home/ahmed/E_Disk/arabian_ros/ws/intern_ws/build/arabian_robot
[0.067s] -- Install configuration: ""
[0.067s] -- Up-to-date: /home/ahmed/E_Disk/arabian_ros/ws/intern_ws/install/arabian_robot/share/arabian_robot/launch
[0.067s] -- Installing: /home/ahmed/E_Disk/arabian_ros/ws/intern_ws/install/arabian_robot/share/arabian_robot/launch/rviz.launch.py
[0.067s] -- Up-to-date: /home/ahmed/E_Disk/arabian_ros/ws/intern_ws/install/arabian_robot/share/arabian_robot/urdf
[0.067s] -- Installing: /home/ahmed/E_Disk/arabian_ros/ws/intern_ws/install/arabian_robot/share/arabian_robot/urdf/my_arabian_robot.urdf
[0.067s] -- Up-to-date: /home/ahmed/E_Disk/arabian_ros/ws/intern_ws/install/arabian_robot/share/arabian_robot/meshes
[0.067s] -- Up-to-date: /home/ahmed/E_Disk/arabian_ros/ws/intern_ws/install/arabian_robot/share/arabian_robot/config
[0.067s] -- Up-to-date: /home/ahmed/E_Disk/arabian_ros/ws/intern_ws/install/arabian_robot/share/arabian_robot/worlds
[0.067s] -- Up-to-date: /home/ahmed/E_Disk/arabian_ros/ws/intern_ws/install/arabian_robot/share/ament_index/resource_index/package_run_dependencies/arabian_robot
[0.067s] -- Up-to-date: /home/ahmed/E_Disk/arabian_ros/ws/intern_ws/install/arabian_robot/share/ament_index/resource_index/parent_prefix_path/arabian_robot
[0.067s] -- Up-to-date: /home/ahmed/E_Disk/arabian_ros/ws/intern_ws/install/arabian_robot/share/arabian_robot/environment/ament_prefix_path.sh
[0.067s] -- Up-to-date: /home/ahmed/E_Disk/arabian_ros/ws/intern_ws/install/arabian_robot/share/arabian_robot/environment/ament_prefix_path.dsv
[0.067s] -- Up-to-date: /home/ahmed/E_Disk/arabian_ros/ws/intern_ws/install/arabian_robot/share/arabian_robot/environment/path.sh
[0.067s] -- Up-to-date: /home/ahmed/E_Disk/arabian_ros/ws/intern_ws/install/arabian_robot/share/arabian_robot/environment/path.dsv
[0.068s] -- Up-to-date: /home/ahmed/E_Disk/arabian_ros/ws/intern_ws/install/arabian_robot/share/arabian_robot/local_setup.bash
[0.068s] -- Up-to-date: /home/ahmed/E_Disk/arabian_ros/ws/intern_ws/install/arabian_robot/share/arabian_robot/local_setup.sh
[0.068s] -- Up-to-date: /home/ahmed/E_Disk/arabian_ros/ws/intern_ws/install/arabian_robot/share/arabian_robot/local_setup.zsh
[0.068s] -- Up-to-date: /home/ahmed/E_Disk/arabian_ros/ws/intern_ws/install/arabian_robot/share/arabian_robot/local_setup.dsv
[0.068s] -- Installing: /home/ahmed/E_Disk/arabian_ros/ws/intern_ws/install/arabian_robot/share/arabian_robot/package.dsv
[0.068s] -- Up-to-date: /home/ahmed/E_Disk/arabian_ros/ws/intern_ws/install/arabian_robot/share/ament_index/resource_index/packages/arabian_robot
[0.068s] -- Up-to-date: /home/ahmed/E_Disk/arabian_ros/ws/intern_ws/install/arabian_robot/share/arabian_robot/cmake/arabian_robotConfig.cmake
[0.068s] -- Up-to-date: /home/ahmed/E_Disk/arabian_ros/ws/intern_ws/install/arabian_robot/share/arabian_robot/cmake/arabian_robotConfig-version.cmake
[0.068s] -- Up-to-date: /home/ahmed/E_Disk/arabian_ros/ws/intern_ws/install/arabian_robot/share/arabian_robot/package.xml
[0.068s] Invoked command in '/home/ahmed/E_Disk/arabian_ros/ws/intern_ws/build/arabian_robot' returned '0': CMAKE_PREFIX_PATH=${CMAKE_PREFIX_PATH}:/home/ahmed/E_Disk/Minesweeper/localization_ws/install/localization_pkg:/home/ahmed/E_Disk/microros_ws/install/sensor_msgs_py:/opt/ros/jazzy DEBUGINFOD_URLS=https://debuginfod.ubuntu.com /usr/bin/cmake --install /home/ahmed/E_Disk/arabian_ros/ws/intern_ws/build/arabian_robot
